<?xml version="1.0" encoding="UTF-8"?>
<testsuite xmlns:xsi="http://www.w3.org/2001/XMLSchema-instance" xsi:noNamespaceSchemaLocation="https://maven.apache.org/surefire/maven-surefire-plugin/xsd/surefire-test-report.xsd" name="com.example.photofiesta.PhotoFiestaApplicationTests" time="47.041" tests="1" errors="0" skipped="0" failures="0">
  <properties>
    <property name="java.specification.version" value="21"/>
    <property name="sun.jnu.encoding" value="UTF-8"/>
    <property name="java.class.path" value="/Users/ashleyhogg/sei/projects/photomanagementapp/photo-fiesta/target/test-classes:/Users/ashleyhogg/sei/projects/photomanagementapp/photo-fiesta/target/classes:/Users/ashleyhogg/.m2/repository/org/springframework/boot/spring-boot-starter-web/2.7.16/spring-boot-starter-web-2.7.16.jar:/Users/ashleyhogg/.m2/repository/org/springframework/boot/spring-boot-starter-json/2.7.16/spring-boot-starter-json-2.7.16.jar:/Users/ashleyhogg/.m2/repository/com/fasterxml/jackson/datatype/jackson-datatype-jdk8/2.13.5/jackson-datatype-jdk8-2.13.5.jar:/Users/ashleyhogg/.m2/repository/com/fasterxml/jackson/datatype/jackson-datatype-jsr310/2.13.5/jackson-datatype-jsr310-2.13.5.jar:/Users/ashleyhogg/.m2/repository/com/fasterxml/jackson/module/jackson-module-parameter-names/2.13.5/jackson-module-parameter-names-2.13.5.jar:/Users/ashleyhogg/.m2/repository/org/springframework/boot/spring-boot-starter-tomcat/2.7.16/spring-boot-starter-tomcat-2.7.16.jar:/Users/ashleyhogg/.m2/repository/org/apache/tomcat/embed/tomcat-embed-core/9.0.80/tomcat-embed-core-9.0.80.jar:/Users/ashleyhogg/.m2/repository/org/apache/tomcat/embed/tomcat-embed-el/9.0.80/tomcat-embed-el-9.0.80.jar:/Users/ashleyhogg/.m2/repository/org/apache/tomcat/embed/tomcat-embed-websocket/9.0.80/tomcat-embed-websocket-9.0.80.jar:/Users/ashleyhogg/.m2/repository/org/springframework/spring-web/5.3.30/spring-web-5.3.30.jar:/Users/ashleyhogg/.m2/repository/org/springframework/spring-webmvc/5.3.30/spring-webmvc-5.3.30.jar:/Users/ashleyhogg/.m2/repository/org/springframework/spring-expression/5.3.30/spring-expression-5.3.30.jar:/Users/ashleyhogg/.m2/repository/org/springframework/boot/spring-boot-devtools/2.7.16/spring-boot-devtools-2.7.16.jar:/Users/ashleyhogg/.m2/repository/org/springframework/boot/spring-boot/2.7.16/spring-boot-2.7.16.jar:/Users/ashleyhogg/.m2/repository/org/springframework/boot/spring-boot-autoconfigure/2.7.16/spring-boot-autoconfigure-2.7.16.jar:/Users/ashleyhogg/.m2/repository/org/springframework/boot/spring-boot-starter/2.7.16/spring-boot-starter-2.7.16.jar:/Users/ashleyhogg/.m2/repository/org/springframework/boot/spring-boot-starter-logging/2.7.16/spring-boot-starter-logging-2.7.16.jar:/Users/ashleyhogg/.m2/repository/ch/qos/logback/logback-classic/1.2.12/logback-classic-1.2.12.jar:/Users/ashleyhogg/.m2/repository/ch/qos/logback/logback-core/1.2.12/logback-core-1.2.12.jar:/Users/ashleyhogg/.m2/repository/org/apache/logging/log4j/log4j-to-slf4j/2.17.2/log4j-to-slf4j-2.17.2.jar:/Users/ashleyhogg/.m2/repository/org/apache/logging/log4j/log4j-api/2.17.2/log4j-api-2.17.2.jar:/Users/ashleyhogg/.m2/repository/org/slf4j/jul-to-slf4j/1.7.36/jul-to-slf4j-1.7.36.jar:/Users/ashleyhogg/.m2/repository/jakarta/annotation/jakarta.annotation-api/1.3.5/jakarta.annotation-api-1.3.5.jar:/Users/ashleyhogg/.m2/repository/org/springframework/spring-core/5.3.30/spring-core-5.3.30.jar:/Users/ashleyhogg/.m2/repository/org/springframework/spring-jcl/5.3.30/spring-jcl-5.3.30.jar:/Users/ashleyhogg/.m2/repository/org/yaml/snakeyaml/1.30/snakeyaml-1.30.jar:/Users/ashleyhogg/.m2/repository/org/springframework/boot/spring-boot-starter-test/2.7.16/spring-boot-starter-test-2.7.16.jar:/Users/ashleyhogg/.m2/repository/org/springframework/boot/spring-boot-test/2.7.16/spring-boot-test-2.7.16.jar:/Users/ashleyhogg/.m2/repository/org/springframework/boot/spring-boot-test-autoconfigure/2.7.16/spring-boot-test-autoconfigure-2.7.16.jar:/Users/ashleyhogg/.m2/repository/com/jayway/jsonpath/json-path/2.7.0/json-path-2.7.0.jar:/Users/ashleyhogg/.m2/repository/net/minidev/json-smart/2.4.11/json-smart-2.4.11.jar:/Users/ashleyhogg/.m2/repository/net/minidev/accessors-smart/2.4.11/accessors-smart-2.4.11.jar:/Users/ashleyhogg/.m2/repository/org/ow2/asm/asm/9.3/asm-9.3.jar:/Users/ashleyhogg/.m2/repository/jakarta/xml/bind/jakarta.xml.bind-api/2.3.3/jakarta.xml.bind-api-2.3.3.jar:/Users/ashleyhogg/.m2/repository/jakarta/activation/jakarta.activation-api/1.2.2/jakarta.activation-api-1.2.2.jar:/Users/ashleyhogg/.m2/repository/org/assertj/assertj-core/3.22.0/assertj-core-3.22.0.jar:/Users/ashleyhogg/.m2/repository/org/hamcrest/hamcrest/2.2/hamcrest-2.2.jar:/Users/ashleyhogg/.m2/repository/org/junit/jupiter/junit-jupiter/5.8.2/junit-jupiter-5.8.2.jar:/Users/ashleyhogg/.m2/repository/org/junit/jupiter/junit-jupiter-api/5.8.2/junit-jupiter-api-5.8.2.jar:/Users/ashleyhogg/.m2/repository/org/opentest4j/opentest4j/1.2.0/opentest4j-1.2.0.jar:/Users/ashleyhogg/.m2/repository/org/junit/platform/junit-platform-commons/1.8.2/junit-platform-commons-1.8.2.jar:/Users/ashleyhogg/.m2/repository/org/junit/jupiter/junit-jupiter-params/5.8.2/junit-jupiter-params-5.8.2.jar:/Users/ashleyhogg/.m2/repository/org/junit/jupiter/junit-jupiter-engine/5.8.2/junit-jupiter-engine-5.8.2.jar:/Users/ashleyhogg/.m2/repository/org/junit/platform/junit-platform-engine/1.8.2/junit-platform-engine-1.8.2.jar:/Users/ashleyhogg/.m2/repository/org/mockito/mockito-core/4.5.1/mockito-core-4.5.1.jar:/Users/ashleyhogg/.m2/repository/net/bytebuddy/byte-buddy/1.12.23/byte-buddy-1.12.23.jar:/Users/ashleyhogg/.m2/repository/net/bytebuddy/byte-buddy-agent/1.12.23/byte-buddy-agent-1.12.23.jar:/Users/ashleyhogg/.m2/repository/org/objenesis/objenesis/3.2/objenesis-3.2.jar:/Users/ashleyhogg/.m2/repository/org/mockito/mockito-junit-jupiter/4.5.1/mockito-junit-jupiter-4.5.1.jar:/Users/ashleyhogg/.m2/repository/org/skyscreamer/jsonassert/1.5.1/jsonassert-1.5.1.jar:/Users/ashleyhogg/.m2/repository/com/vaadin/external/google/android-json/0.0.20131108.vaadin1/android-json-0.0.20131108.vaadin1.jar:/Users/ashleyhogg/.m2/repository/org/springframework/spring-test/5.3.30/spring-test-5.3.30.jar:/Users/ashleyhogg/.m2/repository/org/xmlunit/xmlunit-core/2.9.1/xmlunit-core-2.9.1.jar:/Users/ashleyhogg/.m2/repository/com/h2database/h2/2.1.214/h2-2.1.214.jar:/Users/ashleyhogg/.m2/repository/org/springframework/boot/spring-boot-starter-data-jpa/2.7.16/spring-boot-starter-data-jpa-2.7.16.jar:/Users/ashleyhogg/.m2/repository/org/springframework/boot/spring-boot-starter-aop/2.7.16/spring-boot-starter-aop-2.7.16.jar:/Users/ashleyhogg/.m2/repository/org/aspectj/aspectjweaver/1.9.7/aspectjweaver-1.9.7.jar:/Users/ashleyhogg/.m2/repository/org/springframework/boot/spring-boot-starter-jdbc/2.7.16/spring-boot-starter-jdbc-2.7.16.jar:/Users/ashleyhogg/.m2/repository/com/zaxxer/HikariCP/4.0.3/HikariCP-4.0.3.jar:/Users/ashleyhogg/.m2/repository/org/springframework/spring-jdbc/5.3.30/spring-jdbc-5.3.30.jar:/Users/ashleyhogg/.m2/repository/jakarta/transaction/jakarta.transaction-api/1.3.3/jakarta.transaction-api-1.3.3.jar:/Users/ashleyhogg/.m2/repository/jakarta/persistence/jakarta.persistence-api/2.2.3/jakarta.persistence-api-2.2.3.jar:/Users/ashleyhogg/.m2/repository/org/hibernate/hibernate-core/5.6.15.Final/hibernate-core-5.6.15.Final.jar:/Users/ashleyhogg/.m2/repository/org/jboss/logging/jboss-logging/3.4.3.Final/jboss-logging-3.4.3.Final.jar:/Users/ashleyhogg/.m2/repository/antlr/antlr/2.7.7/antlr-2.7.7.jar:/Users/ashleyhogg/.m2/repository/org/jboss/jandex/2.4.2.Final/jandex-2.4.2.Final.jar:/Users/ashleyhogg/.m2/repository/com/fasterxml/classmate/1.5.1/classmate-1.5.1.jar:/Users/ashleyhogg/.m2/repository/org/hibernate/common/hibernate-commons-annotations/5.1.2.Final/hibernate-commons-annotations-5.1.2.Final.jar:/Users/ashleyhogg/.m2/repository/org/glassfish/jaxb/jaxb-runtime/2.3.8/jaxb-runtime-2.3.8.jar:/Users/ashleyhogg/.m2/repository/org/glassfish/jaxb/txw2/2.3.8/txw2-2.3.8.jar:/Users/ashleyhogg/.m2/repository/com/sun/istack/istack-commons-runtime/3.0.12/istack-commons-runtime-3.0.12.jar:/Users/ashleyhogg/.m2/repository/com/sun/activation/jakarta.activation/1.2.2/jakarta.activation-1.2.2.jar:/Users/ashleyhogg/.m2/repository/org/springframework/spring-aspects/5.3.30/spring-aspects-5.3.30.jar:/Users/ashleyhogg/.m2/repository/org/springframework/data/spring-data-jpa/2.7.15/spring-data-jpa-2.7.15.jar:/Users/ashleyhogg/.m2/repository/org/springframework/data/spring-data-commons/2.7.16/spring-data-commons-2.7.16.jar:/Users/ashleyhogg/.m2/repository/org/springframework/spring-orm/5.3.30/spring-orm-5.3.30.jar:/Users/ashleyhogg/.m2/repository/org/springframework/spring-context/5.3.30/spring-context-5.3.30.jar:/Users/ashleyhogg/.m2/repository/org/springframework/spring-aop/5.3.30/spring-aop-5.3.30.jar:/Users/ashleyhogg/.m2/repository/org/springframework/spring-tx/5.3.30/spring-tx-5.3.30.jar:/Users/ashleyhogg/.m2/repository/org/springframework/spring-beans/5.3.30/spring-beans-5.3.30.jar:/Users/ashleyhogg/.m2/repository/org/slf4j/slf4j-api/1.7.36/slf4j-api-1.7.36.jar:/Users/ashleyhogg/.m2/repository/org/springframework/boot/spring-boot-starter-security/2.7.16/spring-boot-starter-security-2.7.16.jar:/Users/ashleyhogg/.m2/repository/org/springframework/security/spring-security-config/5.7.11/spring-security-config-5.7.11.jar:/Users/ashleyhogg/.m2/repository/org/springframework/security/spring-security-core/5.7.11/spring-security-core-5.7.11.jar:/Users/ashleyhogg/.m2/repository/org/springframework/security/spring-security-crypto/5.7.11/spring-security-crypto-5.7.11.jar:/Users/ashleyhogg/.m2/repository/org/springframework/security/spring-security-web/5.7.11/spring-security-web-5.7.11.jar:/Users/ashleyhogg/.m2/repository/io/jsonwebtoken/jjwt-api/0.11.5/jjwt-api-0.11.5.jar:/Users/ashleyhogg/.m2/repository/io/jsonwebtoken/jjwt-impl/0.11.5/jjwt-impl-0.11.5.jar:/Users/ashleyhogg/.m2/repository/io/jsonwebtoken/jjwt-jackson/0.11.5/jjwt-jackson-0.11.5.jar:/Users/ashleyhogg/.m2/repository/com/fasterxml/jackson/core/jackson-databind/2.13.5/jackson-databind-2.13.5.jar:/Users/ashleyhogg/.m2/repository/com/fasterxml/jackson/core/jackson-annotations/2.13.5/jackson-annotations-2.13.5.jar:/Users/ashleyhogg/.m2/repository/com/fasterxml/jackson/core/jackson-core/2.13.5/jackson-core-2.13.5.jar:/Users/ashleyhogg/.m2/repository/junit/junit/4.13.2/junit-4.13.2.jar:/Users/ashleyhogg/.m2/repository/org/hamcrest/hamcrest-core/2.2/hamcrest-core-2.2.jar:/Users/ashleyhogg/.m2/repository/io/cucumber/cucumber-java/6.8.1/cucumber-java-6.8.1.jar:/Users/ashleyhogg/.m2/repository/io/cucumber/cucumber-core/6.8.1/cucumber-core-6.8.1.jar:/Users/ashleyhogg/.m2/repository/io/cucumber/cucumber-gherkin/6.8.1/cucumber-gherkin-6.8.1.jar:/Users/ashleyhogg/.m2/repository/io/cucumber/cucumber-gherkin-messages/6.8.1/cucumber-gherkin-messages-6.8.1.jar:/Users/ashleyhogg/.m2/repository/io/cucumber/messages/13.1.0/messages-13.1.0.jar:/Users/ashleyhogg/.m2/repository/io/cucumber/tag-expressions/3.0.0/tag-expressions-3.0.0.jar:/Users/ashleyhogg/.m2/repository/io/cucumber/cucumber-expressions/10.3.0/cucumber-expressions-10.3.0.jar:/Users/ashleyhogg/.m2/repository/io/cucumber/datatable/3.5.0/datatable-3.5.0.jar:/Users/ashleyhogg/.m2/repository/io/cucumber/cucumber-plugin/6.8.1/cucumber-plugin-6.8.1.jar:/Users/ashleyhogg/.m2/repository/io/cucumber/docstring/6.8.1/docstring-6.8.1.jar:/Users/ashleyhogg/.m2/repository/io/cucumber/html-formatter/9.0.0/html-formatter-9.0.0.jar:/Users/ashleyhogg/.m2/repository/io/cucumber/create-meta/2.0.2/create-meta-2.0.2.jar:/Users/ashleyhogg/.m2/repository/org/apiguardian/apiguardian-api/1.1.0/apiguardian-api-1.1.0.jar:/Users/ashleyhogg/.m2/repository/io/cucumber/cucumber-junit/6.8.1/cucumber-junit-6.8.1.jar:/Users/ashleyhogg/.m2/repository/io/cucumber/cucumber-spring/6.8.1/cucumber-spring-6.8.1.jar:/Users/ashleyhogg/.m2/repository/io/rest-assured/rest-assured/4.3.0/rest-assured-4.3.0.jar:/Users/ashleyhogg/.m2/repository/org/codehaus/groovy/groovy/3.0.19/groovy-3.0.19.jar:/Users/ashleyhogg/.m2/repository/org/codehaus/groovy/groovy-xml/3.0.19/groovy-xml-3.0.19.jar:/Users/ashleyhogg/.m2/repository/org/apache/httpcomponents/httpclient/4.5.14/httpclient-4.5.14.jar:/Users/ashleyhogg/.m2/repository/org/apache/httpcomponents/httpcore/4.4.16/httpcore-4.4.16.jar:/Users/ashleyhogg/.m2/repository/commons-codec/commons-codec/1.15/commons-codec-1.15.jar:/Users/ashleyhogg/.m2/repository/org/apache/httpcomponents/httpmime/4.5.14/httpmime-4.5.14.jar:/Users/ashleyhogg/.m2/repository/org/ccil/cowan/tagsoup/tagsoup/1.2.1/tagsoup-1.2.1.jar:/Users/ashleyhogg/.m2/repository/io/rest-assured/json-path/4.5.1/json-path-4.5.1.jar:/Users/ashleyhogg/.m2/repository/org/codehaus/groovy/groovy-json/3.0.19/groovy-json-3.0.19.jar:/Users/ashleyhogg/.m2/repository/io/rest-assured/rest-assured-common/4.5.1/rest-assured-common-4.5.1.jar:/Users/ashleyhogg/.m2/repository/io/rest-assured/xml-path/4.5.1/xml-path-4.5.1.jar:/Users/ashleyhogg/.m2/repository/org/apache/commons/commons-lang3/3.12.0/commons-lang3-3.12.0.jar:/Users/ashleyhogg/.m2/repository/org/springdoc/springdoc-openapi-ui/1.7.0/springdoc-openapi-ui-1.7.0.jar:/Users/ashleyhogg/.m2/repository/org/springdoc/springdoc-openapi-webmvc-core/1.7.0/springdoc-openapi-webmvc-core-1.7.0.jar:/Users/ashleyhogg/.m2/repository/org/springdoc/springdoc-openapi-common/1.7.0/springdoc-openapi-common-1.7.0.jar:/Users/ashleyhogg/.m2/repository/io/swagger/core/v3/swagger-core/2.2.9/swagger-core-2.2.9.jar:/Users/ashleyhogg/.m2/repository/com/fasterxml/jackson/dataformat/jackson-dataformat-yaml/2.13.5/jackson-dataformat-yaml-2.13.5.jar:/Users/ashleyhogg/.m2/repository/io/swagger/core/v3/swagger-annotations/2.2.9/swagger-annotations-2.2.9.jar:/Users/ashleyhogg/.m2/repository/io/swagger/core/v3/swagger-models/2.2.9/swagger-models-2.2.9.jar:/Users/ashleyhogg/.m2/repository/jakarta/validation/jakarta.validation-api/2.0.2/jakarta.validation-api-2.0.2.jar:/Users/ashleyhogg/.m2/repository/org/webjars/swagger-ui/4.18.2/swagger-ui-4.18.2.jar:"/>
    <property name="java.vm.vendor" value="Homebrew"/>
    <property name="sun.arch.data.model" value="64"/>
    <property name="java.vendor.url" value="https://github.com/Homebrew/homebrew-core/issues"/>
    <property name="os.name" value="Mac OS X"/>
    <property name="java.vm.specification.version" value="21"/>
    <property name="sun.java.launcher" value="SUN_STANDARD"/>
    <property name="user.country" value="US"/>
    <property name="sun.boot.library.path" value="/usr/local/Cellar/openjdk/21/libexec/openjdk.jdk/Contents/Home/lib"/>
    <property name="sun.java.command" value="/Users/ashleyhogg/sei/projects/photomanagementapp/photo-fiesta/target/surefire/surefirebooter4014239647644286823.jar /Users/ashleyhogg/sei/projects/photomanagementapp/photo-fiesta/target/surefire 2023-10-03T11-22-38_565-jvmRun1 surefire18415231394174236361tmp surefire_07107888723512057702tmp"/>
    <property name="http.nonProxyHosts" value="local|*.local|169.254/16|*.169.254/16"/>
    <property name="jdk.debug" value="release"/>
    <property name="surefire.test.class.path" value="/Users/ashleyhogg/sei/projects/photomanagementapp/photo-fiesta/target/test-classes:/Users/ashleyhogg/sei/projects/photomanagementapp/photo-fiesta/target/classes:/Users/ashleyhogg/.m2/repository/org/springframework/boot/spring-boot-starter-web/2.7.16/spring-boot-starter-web-2.7.16.jar:/Users/ashleyhogg/.m2/repository/org/springframework/boot/spring-boot-starter-json/2.7.16/spring-boot-starter-json-2.7.16.jar:/Users/ashleyhogg/.m2/repository/com/fasterxml/jackson/datatype/jackson-datatype-jdk8/2.13.5/jackson-datatype-jdk8-2.13.5.jar:/Users/ashleyhogg/.m2/repository/com/fasterxml/jackson/datatype/jackson-datatype-jsr310/2.13.5/jackson-datatype-jsr310-2.13.5.jar:/Users/ashleyhogg/.m2/repository/com/fasterxml/jackson/module/jackson-module-parameter-names/2.13.5/jackson-module-parameter-names-2.13.5.jar:/Users/ashleyhogg/.m2/repository/org/springframework/boot/spring-boot-starter-tomcat/2.7.16/spring-boot-starter-tomcat-2.7.16.jar:/Users/ashleyhogg/.m2/repository/org/apache/tomcat/embed/tomcat-embed-core/9.0.80/tomcat-embed-core-9.0.80.jar:/Users/ashleyhogg/.m2/repository/org/apache/tomcat/embed/tomcat-embed-el/9.0.80/tomcat-embed-el-9.0.80.jar:/Users/ashleyhogg/.m2/repository/org/apache/tomcat/embed/tomcat-embed-websocket/9.0.80/tomcat-embed-websocket-9.0.80.jar:/Users/ashleyhogg/.m2/repository/org/springframework/spring-web/5.3.30/spring-web-5.3.30.jar:/Users/ashleyhogg/.m2/repository/org/springframework/spring-webmvc/5.3.30/spring-webmvc-5.3.30.jar:/Users/ashleyhogg/.m2/repository/org/springframework/spring-expression/5.3.30/spring-expression-5.3.30.jar:/Users/ashleyhogg/.m2/repository/org/springframework/boot/spring-boot-devtools/2.7.16/spring-boot-devtools-2.7.16.jar:/Users/ashleyhogg/.m2/repository/org/springframework/boot/spring-boot/2.7.16/spring-boot-2.7.16.jar:/Users/ashleyhogg/.m2/repository/org/springframework/boot/spring-boot-autoconfigure/2.7.16/spring-boot-autoconfigure-2.7.16.jar:/Users/ashleyhogg/.m2/repository/org/springframework/boot/spring-boot-starter/2.7.16/spring-boot-starter-2.7.16.jar:/Users/ashleyhogg/.m2/repository/org/springframework/boot/spring-boot-starter-logging/2.7.16/spring-boot-starter-logging-2.7.16.jar:/Users/ashleyhogg/.m2/repository/ch/qos/logback/logback-classic/1.2.12/logback-classic-1.2.12.jar:/Users/ashleyhogg/.m2/repository/ch/qos/logback/logback-core/1.2.12/logback-core-1.2.12.jar:/Users/ashleyhogg/.m2/repository/org/apache/logging/log4j/log4j-to-slf4j/2.17.2/log4j-to-slf4j-2.17.2.jar:/Users/ashleyhogg/.m2/repository/org/apache/logging/log4j/log4j-api/2.17.2/log4j-api-2.17.2.jar:/Users/ashleyhogg/.m2/repository/org/slf4j/jul-to-slf4j/1.7.36/jul-to-slf4j-1.7.36.jar:/Users/ashleyhogg/.m2/repository/jakarta/annotation/jakarta.annotation-api/1.3.5/jakarta.annotation-api-1.3.5.jar:/Users/ashleyhogg/.m2/repository/org/springframework/spring-core/5.3.30/spring-core-5.3.30.jar:/Users/ashleyhogg/.m2/repository/org/springframework/spring-jcl/5.3.30/spring-jcl-5.3.30.jar:/Users/ashleyhogg/.m2/repository/org/yaml/snakeyaml/1.30/snakeyaml-1.30.jar:/Users/ashleyhogg/.m2/repository/org/springframework/boot/spring-boot-starter-test/2.7.16/spring-boot-starter-test-2.7.16.jar:/Users/ashleyhogg/.m2/repository/org/springframework/boot/spring-boot-test/2.7.16/spring-boot-test-2.7.16.jar:/Users/ashleyhogg/.m2/repository/org/springframework/boot/spring-boot-test-autoconfigure/2.7.16/spring-boot-test-autoconfigure-2.7.16.jar:/Users/ashleyhogg/.m2/repository/com/jayway/jsonpath/json-path/2.7.0/json-path-2.7.0.jar:/Users/ashleyhogg/.m2/repository/net/minidev/json-smart/2.4.11/json-smart-2.4.11.jar:/Users/ashleyhogg/.m2/repository/net/minidev/accessors-smart/2.4.11/accessors-smart-2.4.11.jar:/Users/ashleyhogg/.m2/repository/org/ow2/asm/asm/9.3/asm-9.3.jar:/Users/ashleyhogg/.m2/repository/jakarta/xml/bind/jakarta.xml.bind-api/2.3.3/jakarta.xml.bind-api-2.3.3.jar:/Users/ashleyhogg/.m2/repository/jakarta/activation/jakarta.activation-api/1.2.2/jakarta.activation-api-1.2.2.jar:/Users/ashleyhogg/.m2/repository/org/assertj/assertj-core/3.22.0/assertj-core-3.22.0.jar:/Users/ashleyhogg/.m2/repository/org/hamcrest/hamcrest/2.2/hamcrest-2.2.jar:/Users/ashleyhogg/.m2/repository/org/junit/jupiter/junit-jupiter/5.8.2/junit-jupiter-5.8.2.jar:/Users/ashleyhogg/.m2/repository/org/junit/jupiter/junit-jupiter-api/5.8.2/junit-jupiter-api-5.8.2.jar:/Users/ashleyhogg/.m2/repository/org/opentest4j/opentest4j/1.2.0/opentest4j-1.2.0.jar:/Users/ashleyhogg/.m2/repository/org/junit/platform/junit-platform-commons/1.8.2/junit-platform-commons-1.8.2.jar:/Users/ashleyhogg/.m2/repository/org/junit/jupiter/junit-jupiter-params/5.8.2/junit-jupiter-params-5.8.2.jar:/Users/ashleyhogg/.m2/repository/org/junit/jupiter/junit-jupiter-engine/5.8.2/junit-jupiter-engine-5.8.2.jar:/Users/ashleyhogg/.m2/repository/org/junit/platform/junit-platform-engine/1.8.2/junit-platform-engine-1.8.2.jar:/Users/ashleyhogg/.m2/repository/org/mockito/mockito-core/4.5.1/mockito-core-4.5.1.jar:/Users/ashleyhogg/.m2/repository/net/bytebuddy/byte-buddy/1.12.23/byte-buddy-1.12.23.jar:/Users/ashleyhogg/.m2/repository/net/bytebuddy/byte-buddy-agent/1.12.23/byte-buddy-agent-1.12.23.jar:/Users/ashleyhogg/.m2/repository/org/objenesis/objenesis/3.2/objenesis-3.2.jar:/Users/ashleyhogg/.m2/repository/org/mockito/mockito-junit-jupiter/4.5.1/mockito-junit-jupiter-4.5.1.jar:/Users/ashleyhogg/.m2/repository/org/skyscreamer/jsonassert/1.5.1/jsonassert-1.5.1.jar:/Users/ashleyhogg/.m2/repository/com/vaadin/external/google/android-json/0.0.20131108.vaadin1/android-json-0.0.20131108.vaadin1.jar:/Users/ashleyhogg/.m2/repository/org/springframework/spring-test/5.3.30/spring-test-5.3.30.jar:/Users/ashleyhogg/.m2/repository/org/xmlunit/xmlunit-core/2.9.1/xmlunit-core-2.9.1.jar:/Users/ashleyhogg/.m2/repository/com/h2database/h2/2.1.214/h2-2.1.214.jar:/Users/ashleyhogg/.m2/repository/org/springframework/boot/spring-boot-starter-data-jpa/2.7.16/spring-boot-starter-data-jpa-2.7.16.jar:/Users/ashleyhogg/.m2/repository/org/springframework/boot/spring-boot-starter-aop/2.7.16/spring-boot-starter-aop-2.7.16.jar:/Users/ashleyhogg/.m2/repository/org/aspectj/aspectjweaver/1.9.7/aspectjweaver-1.9.7.jar:/Users/ashleyhogg/.m2/repository/org/springframework/boot/spring-boot-starter-jdbc/2.7.16/spring-boot-starter-jdbc-2.7.16.jar:/Users/ashleyhogg/.m2/repository/com/zaxxer/HikariCP/4.0.3/HikariCP-4.0.3.jar:/Users/ashleyhogg/.m2/repository/org/springframework/spring-jdbc/5.3.30/spring-jdbc-5.3.30.jar:/Users/ashleyhogg/.m2/repository/jakarta/transaction/jakarta.transaction-api/1.3.3/jakarta.transaction-api-1.3.3.jar:/Users/ashleyhogg/.m2/repository/jakarta/persistence/jakarta.persistence-api/2.2.3/jakarta.persistence-api-2.2.3.jar:/Users/ashleyhogg/.m2/repository/org/hibernate/hibernate-core/5.6.15.Final/hibernate-core-5.6.15.Final.jar:/Users/ashleyhogg/.m2/repository/org/jboss/logging/jboss-logging/3.4.3.Final/jboss-logging-3.4.3.Final.jar:/Users/ashleyhogg/.m2/repository/antlr/antlr/2.7.7/antlr-2.7.7.jar:/Users/ashleyhogg/.m2/repository/org/jboss/jandex/2.4.2.Final/jandex-2.4.2.Final.jar:/Users/ashleyhogg/.m2/repository/com/fasterxml/classmate/1.5.1/classmate-1.5.1.jar:/Users/ashleyhogg/.m2/repository/org/hibernate/common/hibernate-commons-annotations/5.1.2.Final/hibernate-commons-annotations-5.1.2.Final.jar:/Users/ashleyhogg/.m2/repository/org/glassfish/jaxb/jaxb-runtime/2.3.8/jaxb-runtime-2.3.8.jar:/Users/ashleyhogg/.m2/repository/org/glassfish/jaxb/txw2/2.3.8/txw2-2.3.8.jar:/Users/ashleyhogg/.m2/repository/com/sun/istack/istack-commons-runtime/3.0.12/istack-commons-runtime-3.0.12.jar:/Users/ashleyhogg/.m2/repository/com/sun/activation/jakarta.activation/1.2.2/jakarta.activation-1.2.2.jar:/Users/ashleyhogg/.m2/repository/org/springframework/spring-aspects/5.3.30/spring-aspects-5.3.30.jar:/Users/ashleyhogg/.m2/repository/org/springframework/data/spring-data-jpa/2.7.15/spring-data-jpa-2.7.15.jar:/Users/ashleyhogg/.m2/repository/org/springframework/data/spring-data-commons/2.7.16/spring-data-commons-2.7.16.jar:/Users/ashleyhogg/.m2/repository/org/springframework/spring-orm/5.3.30/spring-orm-5.3.30.jar:/Users/ashleyhogg/.m2/repository/org/springframework/spring-context/5.3.30/spring-context-5.3.30.jar:/Users/ashleyhogg/.m2/repository/org/springframework/spring-aop/5.3.30/spring-aop-5.3.30.jar:/Users/ashleyhogg/.m2/repository/org/springframework/spring-tx/5.3.30/spring-tx-5.3.30.jar:/Users/ashleyhogg/.m2/repository/org/springframework/spring-beans/5.3.30/spring-beans-5.3.30.jar:/Users/ashleyhogg/.m2/repository/org/slf4j/slf4j-api/1.7.36/slf4j-api-1.7.36.jar:/Users/ashleyhogg/.m2/repository/org/springframework/boot/spring-boot-starter-security/2.7.16/spring-boot-starter-security-2.7.16.jar:/Users/ashleyhogg/.m2/repository/org/springframework/security/spring-security-config/5.7.11/spring-security-config-5.7.11.jar:/Users/ashleyhogg/.m2/repository/org/springframework/security/spring-security-core/5.7.11/spring-security-core-5.7.11.jar:/Users/ashleyhogg/.m2/repository/org/springframework/security/spring-security-crypto/5.7.11/spring-security-crypto-5.7.11.jar:/Users/ashleyhogg/.m2/repository/org/springframework/security/spring-security-web/5.7.11/spring-security-web-5.7.11.jar:/Users/ashleyhogg/.m2/repository/io/jsonwebtoken/jjwt-api/0.11.5/jjwt-api-0.11.5.jar:/Users/ashleyhogg/.m2/repository/io/jsonwebtoken/jjwt-impl/0.11.5/jjwt-impl-0.11.5.jar:/Users/ashleyhogg/.m2/repository/io/jsonwebtoken/jjwt-jackson/0.11.5/jjwt-jackson-0.11.5.jar:/Users/ashleyhogg/.m2/repository/com/fasterxml/jackson/core/jackson-databind/2.13.5/jackson-databind-2.13.5.jar:/Users/ashleyhogg/.m2/repository/com/fasterxml/jackson/core/jackson-annotations/2.13.5/jackson-annotations-2.13.5.jar:/Users/ashleyhogg/.m2/repository/com/fasterxml/jackson/core/jackson-core/2.13.5/jackson-core-2.13.5.jar:/Users/ashleyhogg/.m2/repository/junit/junit/4.13.2/junit-4.13.2.jar:/Users/ashleyhogg/.m2/repository/org/hamcrest/hamcrest-core/2.2/hamcrest-core-2.2.jar:/Users/ashleyhogg/.m2/repository/io/cucumber/cucumber-java/6.8.1/cucumber-java-6.8.1.jar:/Users/ashleyhogg/.m2/repository/io/cucumber/cucumber-core/6.8.1/cucumber-core-6.8.1.jar:/Users/ashleyhogg/.m2/repository/io/cucumber/cucumber-gherkin/6.8.1/cucumber-gherkin-6.8.1.jar:/Users/ashleyhogg/.m2/repository/io/cucumber/cucumber-gherkin-messages/6.8.1/cucumber-gherkin-messages-6.8.1.jar:/Users/ashleyhogg/.m2/repository/io/cucumber/messages/13.1.0/messages-13.1.0.jar:/Users/ashleyhogg/.m2/repository/io/cucumber/tag-expressions/3.0.0/tag-expressions-3.0.0.jar:/Users/ashleyhogg/.m2/repository/io/cucumber/cucumber-expressions/10.3.0/cucumber-expressions-10.3.0.jar:/Users/ashleyhogg/.m2/repository/io/cucumber/datatable/3.5.0/datatable-3.5.0.jar:/Users/ashleyhogg/.m2/repository/io/cucumber/cucumber-plugin/6.8.1/cucumber-plugin-6.8.1.jar:/Users/ashleyhogg/.m2/repository/io/cucumber/docstring/6.8.1/docstring-6.8.1.jar:/Users/ashleyhogg/.m2/repository/io/cucumber/html-formatter/9.0.0/html-formatter-9.0.0.jar:/Users/ashleyhogg/.m2/repository/io/cucumber/create-meta/2.0.2/create-meta-2.0.2.jar:/Users/ashleyhogg/.m2/repository/org/apiguardian/apiguardian-api/1.1.0/apiguardian-api-1.1.0.jar:/Users/ashleyhogg/.m2/repository/io/cucumber/cucumber-junit/6.8.1/cucumber-junit-6.8.1.jar:/Users/ashleyhogg/.m2/repository/io/cucumber/cucumber-spring/6.8.1/cucumber-spring-6.8.1.jar:/Users/ashleyhogg/.m2/repository/io/rest-assured/rest-assured/4.3.0/rest-assured-4.3.0.jar:/Users/ashleyhogg/.m2/repository/org/codehaus/groovy/groovy/3.0.19/groovy-3.0.19.jar:/Users/ashleyhogg/.m2/repository/org/codehaus/groovy/groovy-xml/3.0.19/groovy-xml-3.0.19.jar:/Users/ashleyhogg/.m2/repository/org/apache/httpcomponents/httpclient/4.5.14/httpclient-4.5.14.jar:/Users/ashleyhogg/.m2/repository/org/apache/httpcomponents/httpcore/4.4.16/httpcore-4.4.16.jar:/Users/ashleyhogg/.m2/repository/commons-codec/commons-codec/1.15/commons-codec-1.15.jar:/Users/ashleyhogg/.m2/repository/org/apache/httpcomponents/httpmime/4.5.14/httpmime-4.5.14.jar:/Users/ashleyhogg/.m2/repository/org/ccil/cowan/tagsoup/tagsoup/1.2.1/tagsoup-1.2.1.jar:/Users/ashleyhogg/.m2/repository/io/rest-assured/json-path/4.5.1/json-path-4.5.1.jar:/Users/ashleyhogg/.m2/repository/org/codehaus/groovy/groovy-json/3.0.19/groovy-json-3.0.19.jar:/Users/ashleyhogg/.m2/repository/io/rest-assured/rest-assured-common/4.5.1/rest-assured-common-4.5.1.jar:/Users/ashleyhogg/.m2/repository/io/rest-assured/xml-path/4.5.1/xml-path-4.5.1.jar:/Users/ashleyhogg/.m2/repository/org/apache/commons/commons-lang3/3.12.0/commons-lang3-3.12.0.jar:/Users/ashleyhogg/.m2/repository/org/springdoc/springdoc-openapi-ui/1.7.0/springdoc-openapi-ui-1.7.0.jar:/Users/ashleyhogg/.m2/repository/org/springdoc/springdoc-openapi-webmvc-core/1.7.0/springdoc-openapi-webmvc-core-1.7.0.jar:/Users/ashleyhogg/.m2/repository/org/springdoc/springdoc-openapi-common/1.7.0/springdoc-openapi-common-1.7.0.jar:/Users/ashleyhogg/.m2/repository/io/swagger/core/v3/swagger-core/2.2.9/swagger-core-2.2.9.jar:/Users/ashleyhogg/.m2/repository/com/fasterxml/jackson/dataformat/jackson-dataformat-yaml/2.13.5/jackson-dataformat-yaml-2.13.5.jar:/Users/ashleyhogg/.m2/repository/io/swagger/core/v3/swagger-annotations/2.2.9/swagger-annotations-2.2.9.jar:/Users/ashleyhogg/.m2/repository/io/swagger/core/v3/swagger-models/2.2.9/swagger-models-2.2.9.jar:/Users/ashleyhogg/.m2/repository/jakarta/validation/jakarta.validation-api/2.0.2/jakarta.validation-api-2.0.2.jar:/Users/ashleyhogg/.m2/repository/org/webjars/swagger-ui/4.18.2/swagger-ui-4.18.2.jar:"/>
    <property name="sun.cpu.endian" value="little"/>
    <property name="user.home" value="/Users/ashleyhogg"/>
    <property name="user.language" value="en"/>
    <property name="java.specification.vendor" value="Oracle Corporation"/>
    <property name="java.version.date" value="2023-09-19"/>
    <property name="java.home" value="/usr/local/Cellar/openjdk/21/libexec/openjdk.jdk/Contents/Home"/>
    <property name="file.separator" value="/"/>
    <property name="basedir" value="/Users/ashleyhogg/sei/projects/photomanagementapp/photo-fiesta"/>
    <property name="java.vm.compressedOopsMode" value="Zero based"/>
    <property name="line.separator" value="&#10;"/>
    <property name="java.vm.specification.vendor" value="Oracle Corporation"/>
    <property name="java.specification.name" value="Java Platform API Specification"/>
    <property name="apple.awt.application.name" value="ForkedBooter"/>
    <property name="surefire.real.class.path" value="/Users/ashleyhogg/sei/projects/photomanagementapp/photo-fiesta/target/surefire/surefirebooter4014239647644286823.jar"/>
    <property name="sun.management.compiler" value="HotSpot 64-Bit Tiered Compilers"/>
    <property name="ftp.nonProxyHosts" value="local|*.local|169.254/16|*.169.254/16"/>
    <property name="java.runtime.version" value="21"/>
    <property name="user.name" value="ashleyhogg"/>
    <property name="stdout.encoding" value="UTF-8"/>
    <property name="path.separator" value=":"/>
    <property name="os.version" value="13.4"/>
    <property name="java.runtime.name" value="OpenJDK Runtime Environment"/>
    <property name="file.encoding" value="UTF-8"/>
    <property name="java.vm.name" value="OpenJDK 64-Bit Server VM"/>
    <property name="java.vendor.version" value="Homebrew"/>
    <property name="localRepository" value="/Users/ashleyhogg/.m2/repository"/>
    <property name="java.vendor.url.bug" value="https://github.com/Homebrew/homebrew-core/issues"/>
    <property name="java.io.tmpdir" value="/var/folders/hx/y0sd6xws44qc4nx62pjdk3nh0000gn/T/"/>
    <property name="java.version" value="21"/>
    <property name="user.dir" value="/Users/ashleyhogg/sei/projects/photomanagementapp/photo-fiesta"/>
    <property name="os.arch" value="x86_64"/>
    <property name="java.vm.specification.name" value="Java Virtual Machine Specification"/>
    <property name="native.encoding" value="UTF-8"/>
    <property name="java.library.path" value="/Users/ashleyhogg/Library/Java/Extensions:/Library/Java/Extensions:/Network/Library/Java/Extensions:/System/Library/Java/Extensions:/usr/lib/java:."/>
    <property name="java.vm.info" value="mixed mode, sharing"/>
    <property name="stderr.encoding" value="UTF-8"/>
    <property name="java.vendor" value="Homebrew"/>
    <property name="java.vm.version" value="21"/>
    <property name="sun.io.unicode.encoding" value="UnicodeBig"/>
    <property name="socksNonProxyHosts" value="local|*.local|169.254/16|*.169.254/16"/>
    <property name="java.class.version" value="65.0"/>
  </properties>
  <testcase name="contextLoads" classname="com.example.photofiesta.PhotoFiestaApplicationTests" time="0.295"/>
</testsuite>